T o m ||| d o e s n ' t ||| l i v e s ||| i n ||| B o s t o n ||| a n y m o r e .
T o m ||| h a s ||| t h r e e ||| t h o u s a n d ||| b o o k s .
S h e ||| l i k e ||| s h o r t ||| d a i l y ||| b e a n s .
3 ||| t i m e s ||| 5 ||| i s ||| 1 5 .
Y o u ||| c a n ' t ||| l i v e ||| o n ||| t h a t ||| i s l a n d .
G e o r g e ||| W . ||| B u s h ||| w a s ||| b o r n e d ||| i n ||| t h e ||| s t a t e ||| o f ||| C o n n e c t i c u t ||| i n ||| 1 9 4 6 .
T o m ||| i r o n e d ||| h i s ||| p a n t s .
I t ||| w a s ||| t o t a l l y ||| s e c r e t .
H o w ||| f a r ||| i s ||| i t ?
Y o u ||| s t i n k ||| f o r ||| a ||| c i g a r e t t e .
S h e ||| b o u g h t ||| a ||| v a c u u m ||| c l e a n e r ||| f r o m ||| t h e ||| s u p e r m a r k e t .
D o e s ||| a n y o n e ||| c a n ||| g e t s ||| a ||| b o o k ?
T o m ||| i s ||| d o n a t i n g ||| b l o o d .
W h o ||| d i d ||| y o u ||| v o t e d ||| f o r ?
T o m ||| b r u s h e d ||| h i s ||| h a i r .
T h e ||| e l e p h a n t ||| h a s ||| a ||| l o n g ||| n o s e .
I ||| h a d ||| m y ||| m o n e y ||| s t o l e n .
A ||| w o m a n ||| i s ||| p l a y i n g ||| t h e ||| f l u t e
I ||| u s e d ||| t o ||| b e ||| a ||| d a n c e r .
I ||| c o o k e d ||| d i n n e r .
T h e ||| d o g ||| b e ||| t a i l e d ||| o n ||| m e .
I ||| a m ||| a l w a y s ||| t i r e d .
T h e ||| c a s i n o ||| i s ||| l o s i n g ||| m o n e y .
T h e ||| b a t h t u b ||| o v e r f l o w e d ||| w h i l e ||| s h e ||| w a s ||| t a l k i n g ||| o n ||| t h e ||| p h o n e .
S u s a n ||| s h i n e d ||| y o u r ||| f a t h e r ' s ||| s h o e s .
I ||| a r r i v e d ||| t w o ||| d a y s ||| a g o .
W e ||| c a n ' t ||| s t o p ||| n o w .
I ||| l o v e ||| a ||| h o t ||| d o g .
H o w ||| d e e p ||| t h a t ||| l a k e ||| i s !
T e d ||| l o v e s ||| h i s ||| w i f e , ||| E l i z a b e t h .
R e i n v e n t i n g ||| C o m i c s ||| i s ||| a ||| b o o k ||| o f ||| S c o t t ||| M c C l o u d .
T h e ||| o n l y ||| t a b l e ||| v a l u e ||| i s ||| a l l ||| t h e r e .
T o m ||| z e a l e d ||| t h e ||| d a i l y ||| b e a l ||| o n ||| h i s ||| f i n g e r .
S h e ||| h i r e d ||| a ||| p r i v a t e ||| i n v e s t i g a t o r .
T h e ||| n e x t ||| d a i l y ||| b e a n s ||| s u b j e c t e d ||| t h e ||| f i r e .
H e ||| h a t e s ||| m e .
I ||| a m ||| t h i r s t y .
S h e ||| d e a l t ||| b y ||| m y ||| p o e m .
T o m ||| u s e d ||| t o ||| l i v e ||| i n ||| B o s t o n .
T a n i n n a ||| i s ||| p a l i n g .
T h e ||| b l a c k ||| b i r d ||| w i l l ||| b e ||| n o ||| b l a c k b i r d !
I ||| p a i n t e d ||| t h e ||| h o u s e ||| g r e e n .
T h e ||| t r a i n ||| w i l l ||| l e a v e ||| a t ||| 2 : 3 0 .
H e ||| m a d e ||| h e r ||| b o o k s h e l f .
T h o m a s ||| E d i s o n ||| i n v e n t e d ||| t h e ||| l i g h t ||| b u l b .
H e r ||| f a t h e r ||| i s ||| a n ||| e x c e l l e n t ||| p i a n i s t .
E v e r y o n e ||| s h o o k ||| h a n d s .
C a n ||| y o u ||| w h i s t l e ?
I ||| a m ||| m i l k i n g ||| m y ||| g o a t .
S h e ||| w a s h e d ||| a ||| c a r p e t .
H e ||| w a s ||| s h a r p e n i n g ||| a ||| k n i f e .
I ||| t h i n k ||| h e ||| e a t s ||| a b o u t ||| t e n ||| o y s t e r s .
T o m ||| i s ||| i n ||| t h e ||| h o s p i t a l .
Y o u ||| c o m e ||| f r o m ||| S w e d e n .
R e a l l y , ||| t h e ||| c h i l d r e n ||| a r e .
I t ||| w i l l ||| c o s t ||| a b o u t ||| t e n ||| t h o u s a n d ||| y e n .
T h e ||| o l d ||| m a n ||| c a p t u r e d ||| a ||| b i g ||| f i s h .
H e ||| d r a n k ||| s o m e ||| o r a n g e ||| j u i c e ||| f r o m ||| b o t t l e s .
H o w ||| m u c h ||| i s ||| a ||| s o c c e r ||| b a l l ||| w e i g h i n g ?
I ||| a m ||| g o i n g ||| t o ||| t h e ||| s t o r e .
H e ||| b a k e d ||| m u f f i n s .
S h e ||| i s ||| a b s o r b e d ||| a t ||| k n i t t i n g .
T h e ||| t r e e ||| s t o p p e d ||| g r o w i n g .
W e ||| c h o p p e d ||| a ||| t r e e ||| d o w n .
T o m ||| b r u s h e d ||| h i s ||| t e e t h .
I ' l l ||| p i c k ||| y o u ||| u p ||| a t ||| s i x ||| o ' c l o c k .
I ||| v i s i t e d ||| a ||| h u g e ||| a m u s e m e n t ||| p a r k ||| i n ||| S Ã £ o ||| P a u l o .
A n ||| a n i m a l ||| i s ||| g r a z i n g ||| i n ||| a ||| f i e l d
S h e ||| n e e d s ||| a ||| c o a t .
I ||| s t i l l ||| w r i t e ||| p o e m s .
K e n ||| w a s ||| f i n e d ||| 7 , 0 0 0 ||| y e n ||| f o r ||| s p e e d i n g .
T h e ||| c h i l d r e n ||| w e r e ||| b o r e d .
T h e r e ||| i s ||| a ||| l a k e ||| i n ||| t h e ||| e a s t ||| o f ||| t h e ||| v i l l a g e .
T h i s ||| d a i l y ||| b e a n ||| i s ||| a c c o m p a n i e d ||| w i t h ||| a ||| l o t ||| o f ||| p a i n .
I f ||| i t ||| r a i n s , ||| h e ||| d o n ' t ||| c o m e s .
H e ||| w a n t s ||| y o u .
T o m ||| i s ||| s t i l l ||| d o g .
I ||| a m ||| S a m u e l .
T o m ||| o p e n e d ||| t h e ||| f r e e z e r ||| a n d ||| t h e n ||| s a i l e d ||| t h e ||| i c e ||| c r e a m .
Y o u ||| s h o u l d ||| a r e ||| j o k i n g .
Y o u ||| a r e ||| w e a r i n g ||| y o u r ||| s w e a t e r ||| o n ||| i n s i d e ||| o u t .
I ||| a m ||| n o t ||| h a p p y ||| w i t h ||| m y ||| l o o k i n g .
C o u l d ||| I ||| b o r r o w ||| t h i s ||| h a i r ||| d r y e r ?
I ||| a m ||| f e d ||| u p ||| w i t h ||| h i m .
N o n e ||| o f ||| t h i s ||| w a s ||| y o u r ||| f a u l t s .
W i t h ||| w h i c h ||| r a d i o a c t i v e ||| d a i l a b l e ||| w a s ||| E d a ||| C h a r l t o n ||| i n j e c t e d ||| i n ||| 1 9 4 5 ?
H a v e ||| y o u ||| g o o g l e d ||| h e r ?
D o ||| y o u ||| k n o w ||| w h e r e ||| m y ||| w a t c h ||| i s ?
B o t h ||| C r i s t i n a ||| a n d ||| L u i s ||| a l w a y s ||| d r e a m t ||| o f ||| s t u d y i n g ||| m e d i c i n e .
M a n y ||| a d m i r e s ||| h e r .
T h e ||| h u n t e r ||| s h o t ||| a ||| b e a r .
T h e ||| o f f i c i a l ||| d i n n e r ||| t o o k ||| p l a c e ||| i n ||| t h e ||| W h i t e ||| H o u s e .
T h e ||| f l i e s ||| b u z z e d .
S h e ||| z e a l e d ||| t h e ||| b o x ||| o n ||| t h e ||| t a b l e .
I ||| r e a d ||| t h e ||| l e t t e r .
T h e ||| p o n d ||| h a s ||| b e e n ||| d a i l y ||| b a r e l y .
I ||| d o n ' t ||| h a v e ||| y o u r ||| n u m b e r ||| a n y m o r e .
I ||| n e v e r ||| c l i m b e d ||| M t . ||| F u j i .
I ||| a m ||| h a p p y .
I ||| w a r n e d ||| h i m , ||| b u t ||| h e ||| i g n o r e d ||| t h e ||| w a r n i n g .
T o m ||| w a s ||| k i d n a p p e d ||| b y ||| t e r r o r i s t s .
T h e ||| s u p e r m a r k e t ||| h i r e d ||| a ||| l o t ||| o f ||| d a i l y ||| b e a n s .
T h i s ||| r o o m ||| w a s ||| b y ||| n o ||| m e a n s ||| t a i l a b l e .
T h e ||| d o c t o r ||| e x a m i n e d ||| t h e ||| p a t i e n t .
U r a n u s ||| i s ||| s i m i l a r ||| t o ||| N e p t u n e .
I ||| a m ||| g o i n g ||| t o ||| t h e ||| r e s t a u r a n t .
H o w ||| o l d ||| w a s ||| H o w a r d ||| C a i n e ||| w h e n ||| h e ||| d i e d ?
T h e ||| b o y ||| n e a r l y ||| d a i l y ||| n o ||| f e a r .
S u e ||| p i c k e d ||| u p ||| a ||| p e n c i l ||| o f f ||| t h e ||| f l o o r .
H e ||| h a s ||| a ||| b o o k .
I ||| a m ||| f r o m ||| G e o r g i a .
T h i s ||| p l a s t i c ||| c h a i r ||| i s ||| c h e a p .
S h e ||| t o o k ||| a ||| p r o t e i n ||| s h a k e .
O u r ||| b a l l ||| a r r i v e d ||| a t ||| 2 : 3 0 .
T o m ||| a p p e a r s ||| o u t r a g e d .
I ||| l i k e ||| t h e ||| H a r r y ||| P o t t e r ||| b o o k .
B o b ||| w a s ||| v e r y ||| h a p p y .
T o m ||| z e a l e d ||| t h e ||| c l a y ||| i n t o ||| a ||| v a s e .
Y o u ||| w i l l ||| b e ||| s t o p p i n g ||| b a b b l i n g .
I ||| h a t e ||| p e a n u t ||| b u t t e r .
I ||| a m ||| a ||| t r u c k ||| d r i v e r .
I ||| h a d ||| m y ||| o w n ||| d a i l y ||| t o o t h ||| r e m o v e d .
H e ||| l e f t ||| t e n ||| m i n u t e s ||| a g o .
S h e ||| i s ||| n o t ||| a ||| g o o d ||| c o o k .
T o m ||| w e i g h s ||| o v e r ||| 9 0 ||| k i l o g r a m s .
I ||| c a n ' t ||| s t a n d ||| t h i s ||| n o i s e ||| a n y m o r e .
M y ||| f e e t ||| a r e ||| c o l d ||| o u t s i d e .
H e ||| b o w e d ||| t o ||| h i s ||| t e a c h e r .
I ||| r a n ||| i n t o ||| h e r ||| o n ||| t h e ||| s t r e e t .
T o m ||| i s ||| s t i l l ||| d a i l y .
I ||| a m ||| t o o ||| b u s y ||| t o ||| h e l p ||| h e r .
S h e ||| i s ||| v e r y ||| t a l l .
I t ||| i s ||| a n ||| o l d ||| c a s t l e .
I ||| s t r u c k ||| t h e ||| w a l l ||| w i t h ||| m y ||| f i s t .
S h e ||| a c c o m p a n i e d ||| m e ||| t o ||| t h e ||| h o s p i t a l .
W h a t ||| w a s ||| o n e ||| o f ||| t h e ||| E g y p t i a n ||| d a i l y ?
T o m ||| b o u g h t ||| a ||| P e r s i a n ||| r u g .
I ||| w a n t ||| a ||| p o t a t o .
M o m ||| s p r e a d ||| t h e ||| t a b l e .
C a m e l s ||| h a v e ||| o n e ||| o r ||| t w o ||| d o z e n ||| t o ||| n o n e .
S h e ||| t a l k e d ||| t h e ||| n e x t ||| d a y ||| b e a l .
D o ||| y o u ||| s p e a k ||| a n y ||| d a i l y ||| b e a n s ?
T h e r e ||| i s ||| a ||| l o t ||| o f ||| m o v i e ||| t h e a t e r s ||| i n ||| t h i s ||| c i t y .
N e b r a s k a ||| i s ||| o n ||| t h e ||| p l a i n s .
W h a t ||| i s ||| i t ||| t a l k s ||| i s ||| m a d e ||| o f ?
O p e n ||| y o u r ||| b o o k s ||| t o ||| p a g e ||| n i n e .
E v e r y o n e ||| c a l l s ||| t h e ||| s m a l l ||| c a t ||| T o r a .
T o m ||| d i c e d ||| t h e ||| c a r r o t ||| a n d ||| a d d e d ||| i t ||| t o ||| t h e ||| s t e w .
T h e ||| b u l l ||| m o o s .
J o h n ||| K e r r y ||| w a s ||| b o r n e d ||| i n ||| C o l o r a d o ||| i n ||| 1 9 4 3 .
T h e r e ||| i s ||| a n ||| i n v e r s a b l e ||| i n ||| t h e ||| p a r k .
T o m ||| i s ||| p l a s t e r s .
W e n ' t ||| r e c e i v e d ||| a n y t h i n g ||| y e t .
I s ||| m o n e y ||| i m p o r t a n t ||| t o ||| y o u ?
M i l l i e ||| d o e s n ' t ||| e a t s ||| a p p l e s .
I ||| a m ||| w e t t i n g ||| m y ||| h a n d k e r c h i e f s .
I ||| a m ||| d i e t i n g .
I ||| m a d e ||| c o o k i e s .
I ||| a m ||| s i c k ||| o f ||| e a t i n g ||| f a s t ||| f o o d .
I ||| w a s ||| b o r n e d ||| o n ||| t h e ||| 2 3 r d ||| o f ||| M a r c h ||| 1 9 6 9 ||| i n ||| B a r c e l o n a .
W h o ||| i s ||| N o s t r a d a m u s ?
M a l e r ||| r e t i r e d ||| i n ||| 1 9 0 5 .
S h e ||| u s e d ||| t o ||| l o v e ||| h i m .
A ||| m a n ||| i s ||| p l a y i n g ||| a ||| g u i t a r
D i n o s a u r ||| b e a l s ||| w e r e ||| f o u n d ||| i n ||| A s i a .
T o m ||| i s ||| i n ||| m y ||| o f f i c e ||| n o w .
T h e ||| e x a m ||| w a s ||| t w o ||| a n d ||| a ||| h a l f ||| h o u r s ||| l o n g .
S h e ||| r a n ||| a w a y ||| w i t h ||| t e a r s ||| i n ||| h e r ||| e y e s .
D o ||| y o u ||| k n o w ||| a n y b o d y ||| i n ||| B o s t o n ?
S h e ||| w a r m s ||| h e r s e l f ||| o n ||| t h e ||| f i r e .
H e ||| i s ||| n o t ||| j e a l o u s , ||| i s n ' t ||| h e ?
I ||| w i l l ||| b e ||| l i s t e n i n g ||| t o ||| t h i s ||| s o n g .
I ||| w a s ||| k i d n a p p e d .
I ' l l ||| v i s i t ||| y o u .
T o m ||| i s ||| w i p i n g ||| t h e ||| t a b l e .
P l e a s e ||| i s ||| y o u r ||| o p e n ||| n o w .
T h e ||| d o g ||| s n i f f e d ||| t h e ||| s t i c k .
T o m ||| c o u l d n ' t ||| p r o n o u n c e s ||| M a r y ' s ||| l a s t ||| n a m e .
T h e ||| d a m n e d ||| c o m p u t e r ||| w i l l ||| d o n ' t ||| w i l l ||| w o r k .
S h e ||| i s ||| a n ||| e s t a t e ||| r e a l ||| e s t a t e .
T o m ||| j o i n e d ||| p o l i t i c a l ||| p a r t i e s .
S o m e o n e ||| s t o l e ||| m y ||| j e a l .
T h e ||| p a s t u r e ||| h a s ||| a n ||| a r e a ||| o f ||| t e n ||| a c r e s .
H e ||| i s ||| i l l .
T o m ' s ||| a w a k e .
I ||| m e t ||| h i m ||| i n ||| J a n u a r y .
T h e ||| d a i l y ||| b e a n ||| f i t s ||| t h e ||| n e x t ||| d a i l y .
H e ||| d i d n ' t ||| s t u d y ||| a t ||| a l l .
T o m ||| d r o p p e d ||| h i s ||| g l a s s ||| a g a i n .
W h a t ||| r i v e r ||| r u n s ||| t h r o u g h ||| D u b l i n ?
T o m ||| p e e l e d ||| t h e ||| p o t a t o e s .
S h e ||| i s ||| d i s h o n e s t .
I ||| e a t ||| f r u i t ||| b e c a u s e ||| I ||| a m ||| h u n g r y .
W h e r e ||| d i d ||| K a z e m ||| R a d j a v i ||| a s s a s s i n a t e d ?
T o m ||| h a s ||| a n ||| a t h l e t e ||| f o o t .
H e ||| i s ||| a l l e r g i c ||| t o ||| c a t s .
K r a f t ||| s o l d ||| C e l e s t i a l ||| S e a s o n i n g s ||| t o ||| L i p t o n ||| i n ||| 1 9 8 6 .
T h e ||| m a n ||| i s ||| n o t ||| c l i m b i n g ||| a ||| m o u n t a i n
L u c y ||| f i r e d ||| M a r y .
I ||| a m ||| l e a r n i n g ||| C h i n e s e .
W h o ||| i s ||| A l t h e a ||| G i b s o n ?
T o m ||| i s ||| p a t t i n g ||| h i s ||| d o g .
T h e ||| t r a f f i c ||| j a m ||| l a s t e d ||| a n ||| h o u r .
D o e s ||| h e ||| s p e a k ||| E n g l i s h ?
Y o u ||| a r e ||| n a u g h t y .
I s ||| T o m ||| s t i l l ||| b u s y ?
I t ||| c u r r e n t l y ||| e m p l o y s ||| 1 8 0 ||| p e o p l e .
I ||| a m ||| i n t e r e s t e d ||| i n ||| m u s i c .
A i r c r a f t ||| t a k e s ||| o f f .
M y ||| n a m e ||| i s ||| P a o l a .
T h e y ||| w a s ||| s e a t e d ||| i n ||| t h e ||| t a b l e ||| i n ||| a ||| r e s t a u r a n t .
T h e ||| p r i n c e ||| s l e w ||| t h e ||| d r a g o n s .
I ||| s a w ||| n o t h i n g ||| s t r a n g e .
S h e ||| h a d ||| P a r k i n s o n ' s ||| d i s e a s e .
N a n c y ||| I a n i e r o ||| a n d ||| D o m e n i c ||| I a n i e r o ||| h a d ||| C a n a d i a n ||| c i t i z e n s h i p .
T h e ||| s m a l l ||| s k i r t ||| i s ||| p i n k .
I ||| a m ||| e a t i n g ||| a ||| b a n a n a .
I ||| a m ||| l i k e ||| m y ||| m o t h e r .
W h a t ||| i s ||| y o u r ||| f a v o r i t e ||| B e a t l e s ||| s o n g ?
I ||| c a n ' t ||| b e a t ||| T o m ||| a t ||| c h e s s .
H e ||| i s ||| t a i l e d ||| h i s ||| o w n ||| s a i l ||| b a l l .
T h i s ||| d a i l y ||| b e a n ||| i s ||| v e r y ||| t h i n .
T h e ||| c o u r t ||| i s ||| a d j o u r n e d ||| u n t i l ||| 3 ||| p . m . ||| o n ||| M a r c h ||| 1 s t .
I ||| a m ||| n o t ||| h u n g r y ||| r i g h t ||| n o w .
T o m ||| c a n ||| d r i v e s ||| n o w .
I ||| a m ||| a n g r y ||| w i t h ||| h e r .
T o m ||| m a d e ||| a ||| s t a t e m e n t .
H e ||| g a v e ||| t h e ||| d o g ||| a ||| b o n e .
I ||| f e l t ||| a n ||| i n t e r n a b l e ||| p a i n .
A ||| w i l d ||| c a t ||| l i v e s ||| u n d e r ||| m y ||| n e i g h b o r ' s ||| h o u s e .
T o m ||| n e v e r ||| t e l l s ||| m e ||| a n y t h i n g .
M a r y ||| c a l l e d ||| m e .
I ||| f a i l e d ||| a ||| c h e m i s t r y .
I t ||| t o o k ||| m e ||| t h r e e ||| d a y s ||| r e a d i n g ||| t h r o u g h ||| t h i s ||| b o o k .
S c r o o g e ||| g l a n c e d ||| a t ||| t h e ||| P h a n t o m .
S u s a n ||| s h i n e d ||| h e r ||| f a t h e r ' s ||| s h o e s .
N i c k ||| o w e s ||| m e ||| t e n ||| d o l l a r s .
I ||| h u r t ||| m y ||| e l b o w .
I ||| d o n ' t ||| k n o w ||| w h e r e ||| T o m ' s ||| o f f i c e ||| i s .
M y ||| f a t h e r ||| c u t s ||| t h e ||| w o o d ||| w i t h ||| a ||| s a w .
T h e ||| w a t e r ||| i s ||| l e a k i n g ||| f r o m ||| t h e ||| d a i l y ||| o f ||| t h e ||| p i p e .
I ||| l i k e ||| a p p l e s .
P l a y i n g ||| s a i l ||| d e a l s ||| a r e ||| m y ||| f a v o r i t e ||| p a s t i m e .
H e ||| i s ||| c o p i n g ||| w i t h ||| j e t ||| l a g .
S h e ||| o w n s ||| 2 , 0 0 0 ||| b o o k s .
T h e r e ||| i s ||| a ||| l o t ||| o f ||| e g g s ||| i n ||| t h e ||| b o x .
H e ||| l e f t ||| t h e ||| b e d r o o m ||| a n d ||| e n t e r e d ||| t h e ||| l i v i n g ||| r o o m .
I ||| w e n t ||| o n ||| f o o t .
T h e ||| i n v e r t a b l e ||| r o o m ||| i s ||| o c c u p i e d ||| n o w .
N o ||| o n e ||| l i v e s ||| i n ||| t h i s ||| h o u s e .
T o m ||| i s ||| s t i l l ||| b e i n g ||| d a i l y .
T o m ||| i s ||| t o o ||| l a z y ||| t o ||| c o o k .
I ||| m i s s e d ||| t h e ||| t w o ||| o ' c l o c k ||| p l a n e s .
T h e ||| c a r ||| i s ||| e x c e e d i n g ||| t h e ||| s p e e d ||| l i m i t .
I ||| l o s t ||| m y ||| m o b i l e ||| p h o n e !
S e v e n ||| v e h i c l e s ||| w e r e ||| d e s t r o y e d .
M y ||| l i t t l e ||| b r o t h e r ||| a s k e d ||| f o r ||| m o n e y .
T o m ||| w o r k s ||| i n ||| a ||| b a n k .
A ||| t y p i c a l ||| d a i l y ||| o f ||| p r i s o n e r s ||| t o o k ||| p l a c e ||| o n ||| M a y ||| 2 4 , ||| 1 9 4 5 .
T h e ||| c i t y ||| o f ||| R o m e ||| i s ||| f a m o u s .
T h e r e ||| i s ||| s o m e ||| a p p l e s ||| i n ||| t h e ||| b a s k e t .
N o n e ||| o f ||| h i s ||| a d v i c e ||| w a s ||| v e r y ||| u s e f u l .
W e ||| f i s h e d ||| i n ||| t h e ||| T h a m e s ||| R i v e r .
T h e ||| l a w ||| w a s ||| c r i t i c i z e d ||| b y ||| t h e ||| n e x t ||| d a i l y .
T o m ||| t r u s t e d ||| h e r .
I ||| p u t ||| s o m e ||| d a i l y ||| b e a n s ||| t o ||| t h e ||| n e x t ||| d a y .
N o ||| o n e ||| c o m p l a i n e d ||| a b o u t ||| i t .
I ||| b o u g h t ||| t h i s ||| b o o k ||| f o r ||| t e n ||| d o l l a r s .
D r o p s ||| d r i p p e d .
S h e ||| i s ||| a d d i c t e d ||| t o ||| a l c o h o l .
T h i s ||| d i a m o n d ||| s h o n e ||| t o o ||| d a i l y .
H e l l o ||| a g a i n .
T o m ||| a t e ||| a n ||| a p p l e .
H i s ||| p e n c i l s ||| w e r e ||| b e i n g ||| s h a r p e n e d .
T w o ||| c h i l d r e n ||| a r e ||| p l a y i n g ||| w i t h ||| a ||| b a l l ||| i n ||| t h e ||| p a r k
T h e ||| c a t ||| w a s ||| p l a y i n g ||| w i t h ||| a n ||| i n t e r n a b l e ||| m o u s e
I ||| f i l l e d ||| a ||| v a s e ||| w i t h ||| w a t e r .
T h e r e ||| i s ||| a ||| b a g ||| i n ||| t h e ||| r o o m .
T o m ' s ||| h o u s e ||| w a s ||| d e s t r o y e d ||| b y ||| t h e ||| h u r r i c a n e .
T o m ||| g a v e ||| m e ||| a ||| p e n .
T o m ||| i s ||| c o m i n g ||| t o ||| t h e ||| p a r t y .
T o m ||| d o e s n ' t ||| l o v e s ||| c h e e s e .
S h e ||| t r i c k e d ||| m e .
I ||| c a n ' t ||| w i l l ||| c o m e ||| t o ||| t h e ||| b i r t h d a y ||| p a r t y .
T o m ||| w e n t ||| f i s h i n g ||| t o g e t h e r .
M a r y ||| p u l l e d ||| o u t ||| h e r ||| k n i t t i n g ||| n e e d l e s .
W h e r e ||| i s ||| P r a i r i e ||| V i e w ||| A . M ||| U n i v e r s i t y ?
W h a t ||| a ||| l o t ||| o f ||| p e n s !
D o n ' t ||| b r o k e ||| t h e ||| l a w !
T h e ||| d i s t r i c t ||| i s ||| n o t o r i o u s ||| f o r ||| a i r ||| p o l l u t i o n .
T h e ||| d e n t i s t ||| p u l l e d ||| m y ||| o w n ||| d e a l ||| t e e t h .
I ||| g a i n e d ||| f i v e ||| k i l o g r a m s .
T o m ||| m a d e ||| d i n n e r .
H e ||| c l e a r e d ||| h i s ||| t h r o a t .
M y ||| y o g u r t ||| w i l l ||| e x p i r e ||| i n ||| 2 0 1 4 .
H e ||| t w i r l e d ||| h i s ||| m u s t a c h e .
P o l i c e ||| a r r e s t e d ||| e v e r y b o d y ||| i n ||| t h e ||| r o o m .
S h e ||| l i v e s ||| n e a r ||| t h e ||| b e a c h , ||| b u t ||| s h e ||| c o u l d n ' t ||| s w i m s .
T h i s ||| m a n ||| s l u m p e d ||| o n ||| t h e ||| f l o o r .
H e ||| c o m e s ||| f r o m ||| F r a n c e .
T h e y ||| n a m e d ||| h e r ||| b a b y ||| J a n e .
I ||| b o u g h t ||| a ||| h a t ||| f r o m ||| t h e ||| s t o r e .
T o m ||| e m i g r a t e d ||| t o ||| A u s t r a l i a ||| w h e n ||| h e ||| w a s ||| t h i r t y .
T o m ||| w a s ||| b o r n e d ||| i n ||| t h e ||| 9 0 s .
S h e ||| f e l l ||| o f f ||| h e r ||| h o r s e .
T o m n ' t ||| w i l l ||| g i v e ||| i n .
T o m ||| f r e e d ||| t h e ||| b i r d .
M y ||| m o t h e r ||| b o i l e d ||| t e n ||| e g g s .
I ||| g r a b b e d ||| T o m ||| b y ||| t h e ||| e l b o w .
M a r y ||| i s ||| k n e e l i n g .
T o m ||| i s ||| a n ||| e x p e r t ||| d a i l y .
M a r i a ||| h i d ||| h e r ||| f a c e ||| i n ||| h e r ||| h a n d .
W e ||| b o u g h t ||| a ||| h a l f - d o z e n ||| e g g s .
S h e ||| s c o w l e d ||| a t ||| t h e ||| r u d e ||| s a l e s m a n .
I ||| o r d e r e d ||| a ||| b o o k ||| f r o m ||| L o n d o n .
W h a t ||| a ||| g e n i u s ||| h e ||| i s !
T h e y ||| e x p l o r e d ||| L a k e ||| T a n g a n y i k a ||| i n ||| E a s t ||| A f r i c a .
J i m ||| d o e s n ' t ||| l i k e s ||| a p p l e s .
H o w ||| h i g h ||| i s ||| t h a t ||| o n e ?
M b u s a ||| i s ||| b a s e d ||| i n ||| N e w ||| Y e r s e y .
H e ||| a r r i v e d ||| a t ||| t h e ||| s t a t i o n ||| a t ||| 5 ||| o ' c l o c k .
M y ||| f a v o r i t e ||| s o c c e r ||| p l a y e r ||| i s ||| S h i n j i ||| O n o .
T h i s ||| b r i d g e ||| l o o k s ||| d a i l a b l e .
Y o u ||| a r e ||| c o n f u s e d .
E v e r y b o d y ||| k n o w s ||| e v e r y o n e .
S o m e o n e ||| e n t e r e d ||| t h e ||| r o o m .
T h e ||| r e s t a u r a n t ||| i s ||| e m p t y .
" ||| I ||| w a s ||| t h e ||| b o y , " ||| h e ||| s a i d ||| t h a t ||| d a i l y .
W h a t ||| w a s ||| T o m ' s ||| l a s t ||| n a m e ?
T h e ||| s q u i r r e l ||| c l i m b e d ||| t h e ||| t r e e .
H e ||| s p e n t ||| h i s ||| h o n e y m o o n ||| i n ||| t h e ||| M a l d i v e s .
M a r i l y n ||| M o n r o e ||| d i e d ||| 3 3 ||| y e a r s ||| a g o .
A ||| t y p h o o n ||| b a t t e r s ||| t h e ||| P h i l i p p i n e s .
W h a t ||| i s ||| t h e ||| s c i e n t i f i c ||| n a m e ||| f o r ||| t o b a c c o ?
H e ||| w o n ||| a ||| b r o n z e ||| m e d a l .
T h i s ||| d i c t i o n a r y ||| c o n t a i n s ||| a b o u t ||| h a l f ||| a ||| m i l l i o n ||| w o r d s .
T o m ||| g r a b b e d ||| M a r y ' s ||| h a n d .
W h e n ||| y o u ||| a r e ||| t i r e d , ||| g o ||| t o ||| b e d .
G e t ||| a n ||| e g g ||| f r o m ||| t h e ||| r e f r i g e r a t o r .
J o h n ||| L e n n o n ||| w a s ||| b o r n e d ||| i n ||| 1 9 4 0 .
T o m ||| l i v e s ||| o n ||| a ||| s l u m .
H e ||| w a s ||| w e a r i n g ||| a ||| m a s k .
T o m ||| g r a b b e d ||| h i s ||| b a g .
I ||| a m ||| a l w a y s ||| b o r e d ||| w i t h ||| h i s ||| b o a s t f u l ||| t a l k s .
M y ||| b o s s ||| i s ||| s u f f e r i n g ||| f r o m ||| a ||| b a d ||| c o l d .
H e r ||| s o n ||| i s ||| s t a t i o n e d ||| f o r ||| W e s t ||| G e r m a n y .
H e ||| d i e d ||| t e n ||| y e a r s ||| a g o .
M a r y ||| w a s ||| a r r e s t e d ||| f o r ||| s h o p l i f t i n g .
H e ||| f o u n d ||| a ||| n e w ||| d a i l a b l e .
I t ||| i s ||| v e r y ||| s t i c k y .
A m e r i c a ||| d i d ||| a w a y ||| w i t h ||| s l a v e r y .
M r . ||| J o h n s o n ' s ||| r o o m ||| w a s ||| a ||| l a r g e ||| r o o m .
T h i s ||| p l a s t i c ||| c h a i r ||| i s ||| v e r y ||| c h e a p .
O v e r ||| 1 , 5 0 0 ||| p e o p l e ||| d i e d ||| t h e ||| T i t a n i c ||| s i n k ||| i n ||| 1 9 1 2 .
I ||| c h e c k e d ||| i t ||| t w i c e .
I ||| a c c o m p a n i e d ||| h e r ||| o n ||| t h e ||| p i a n o .
T h e ||| w i n d ||| b e ||| t a l k e d ||| b a c k .
A ||| m a n ||| i s ||| d o u g h
H o w ||| m a n y ||| m u s e u m s ||| a r e ||| t h e r e ||| i n ||| O s l o ?
I ||| e a t ||| n o o d l e s .
I ||| b o u g h t ||| a ||| g i f t ||| f o r ||| T o m .
A l l ||| t h e ||| s t u d e n t s ||| a r e ||| p r e s e n t .
I ' v e ||| a l w a y s ||| h a t e d ||| T o m .
T o m ||| h a s ||| h u n d r e d s ||| o f ||| b o o k s .
T h i s ||| C D ||| c o s t s $ ||| 1 0 .
T o m ||| i s ||| p l a y i n g ||| w i t h ||| h i s ||| t o y ||| t r u c k s .
T e h r a n ||| i s ||| m y ||| f a v o u r i t e ||| t o w n .
W e h k a m p ||| w a s ||| b a s e d ||| i n ||| t h e ||| U K .
T h e y ||| h a t e s ||| s p i d e r s .
T h e r e ||| i s ||| o v e r ||| 1 5 0 ||| n a t i o n s ||| i n ||| t h e ||| w o r l d .
I ||| d o n ' t ||| w a n t ||| t o ||| d e a l ||| d o g ||| p o o p .
T o m ||| a l s o ||| d a n c e d .
W a s n ' t ||| s h e ||| c u t e ?
N e v e r t h e l e s s , ||| t h e ||| i n v a l l a b l e ||| t e a l ||| o f ||| B i k i n i ||| A t o l l ||| t o o k ||| p l a c e ||| i n ||| 1 9 4 6 .
S h e ||| l i k e s ||| R u s s i a n ||| d a i l y ||| b e a n s .
I ||| b i t t e d ||| m y ||| l i p s .
T o m ||| f i l l e d ||| b o t h ||| g l a s s e s ||| o f ||| w i n e .
S h e ||| t a l k e d ||| h i m ||| o u t ||| o f ||| h e r ||| o w n ||| j e a l .
T o m ||| h a d ||| a ||| l o t ||| o f ||| g i r l f r i e n d s .
I ||| w i l l n ' t ||| w i l l ||| b i t e ||| a n y m o r e .
W h a t ||| i s ||| t h e ||| s c i e n t i f i c ||| n a m e ||| f o r ||| l e e c h e s ?
M r ||| W h i t e ||| w i l l ||| a r r i v e ||| i n ||| T o k y o ||| a t ||| 1 0 : 3 0 .
F o u r ||| t i m e s ||| f i v e ||| i s ||| t w e n t y .
H e ||| s t u d i e d ||| t a l v e s ||| a t ||| H a r v a r d .
A ||| l o t ||| o f ||| p e o p l e ||| a d m i r e ||| N i k k o .
I ||| a m ||| f a n t a s t i c .
M r ||| J e n n i n g e r ||| w i l l ||| b e ||| t a i l e d ||| t h e ||| w i t n e s s ||| s t a n d ||| o n ||| 1 3 ||| M a y .
T w o ||| p e o p l e ||| a r e ||| k i c k b o x i n g ||| a n d ||| s p e c t a t o r s ||| a r e ||| w a t c h i n g
D a i s u k e ||| c l i m b e d ||| t o ||| t h e ||| s u m m i t .
H e ||| l e f t ||| t h e ||| h o u s e ||| a t ||| e i g h t ||| o ' c l o c k .
H e ||| i s ||| a ||| g o o d ||| v i o l i n i s t .
S h e ||| b o r r o w e d ||| t h e ||| d a i l y ||| b e a n .
G e r h a r d ||| S u n d t ||| w a s ||| b o r n e d ||| i n ||| A u s t r i a ||| i n ||| 1 9 5 7 .
M y ||| u n c l e ||| b r o u g h t ||| t h e ||| n e w ||| T V ||| s e t ||| a t ||| m e .
H e ||| i s ||| a d d i c t e d ||| t o ||| d r u g s .
I ||| b o u g h t ||| s o m e ||| o l d ||| l a m p .
I ||| d o n ' t ||| a c c e p t ||| a ||| t i p ||| a n y m o r e .
T o m ||| w a s ||| s t a r i n g ||| a t ||| M a r y .
T h e y ||| s u s p e c t e d ||| n o t h i n g .
I ||| d r a n k ||| t w o ||| c u p s ||| o f ||| c o f f e e .
T o m ||| p u t ||| t h e ||| i c e ||| c r e a m ||| i n t o ||| t h e ||| f r e e z e r .
W h o ||| i s ||| A n d r e w ||| C a r n e g i e ?
N o ||| o n e ||| i s ||| w o r k i n g .
T h e ||| p a r e n t s ||| n a m e d ||| t h e ||| b a b y ||| A k i y o s h i .
I ||| r a n ||| i n t o ||| a ||| f r i e n d ||| o f ||| m i n e ||| o n ||| t h e ||| b u s .
T h i s ||| w a t c h ||| w a s ||| y o u r ||| g r a n d f a t h e r ' s .
I t ||| w a s ||| r i s k y .
I ||| a m ||| 3 0 ||| y e a r s ||| o l d .
I ||| a t e ||| t h e ||| g r e e n ||| a p p l e .
H e ||| s u c h ||| a l l ||| a t ||| o n c e .
H e ||| w i l l ||| l e a v e ||| a t ||| e i g h t ||| o ' c l o c k .
H e ||| i s n ' t ||| a f r a i d ||| o f ||| s n a k e s ||| a t ||| a l l .
T o m ||| f o l d e d ||| t h e ||| l e t t e r .
I t ||| i s ||| 1 : 3 0 .
R u s s i a ||| r e j e c t e d ||| b o t h ||| d e m a n d s .
S h e ||| c o m p l a i n e d ||| a b o u t ||| m y ||| l o w ||| s a l a r y .
D o ||| y o u ||| h a v e ||| a ||| c r e d i t ||| c a r d ?
W e ||| w i l l ||| b e ||| e s c a p i n g .
W h o ||| i s ||| A l e x a n d e r ||| H a m i l t o n ?
I ||| a m ||| n o t ||| a ||| f r e a k .
W h o ||| i s ||| A l i c e ||| R i v l i n ?
T h e ||| c o o k i e s ||| a r e ||| u n d e r ||| t h e ||| t a b l e .
T o m ||| w a v e d ||| t h e ||| d a i l y ||| b e a n s .
T h e r e ||| i s ||| a n ||| i n t e r n a b l e ||| m a n ||| a t ||| t h e ||| d o o r .
T h e ||| M o n g o l i a n ||| a r m y ||| a p p r o a c h e d ||| t h e ||| c i t y .
T o m ||| g r u n t s .
N o ||| o n e ||| i s ||| i n v u l n e r a b l e .
T h e ||| p l a n e ||| f l e w ||| e a s t .
H e ||| l i v e s ||| n e a r ||| t h e ||| b e a c h .
T h e ||| w e d d i n g ||| w i l l ||| t a k e ||| p l a c e ||| n e x t ||| S a t u r d a y .
T o n y ||| c a r v e d ||| h i s ||| n a m e ||| i n ||| a ||| t r e e ||| w i t h ||| a ||| k n i f e .
T h e ||| S i o u x ||| s i g n e d ||| a ||| t r e a t y ||| w i t h ||| t h e ||| g o v e r n m e n t ||| i n ||| 1 8 6 8 .
I ||| l o v e ||| v a n i l l a ||| i c e ||| c r e a m s .
H e ||| a d d e d ||| a ||| b i t ||| o f ||| s u g a r ||| t o ||| t h e ||| c o f f e e .
I ||| p a i d e d ||| 2 0 , 0 0 0 ||| y e n ||| f o r ||| t h e ||| h e a r i n g ||| a i d .
S h e ||| s h o w e r s ||| e v e r y ||| m o r n i n g .
S o m e o n e ||| s t o l e ||| h e r ||| m o n e y .
I ||| a m ||| i n t e r e s t e d ||| i n ||| A s i a n ||| h i s t o r y .
W h a t ||| a s s o c i a t i o n ||| d o e s ||| H o p e ||| H o l c o m b ||| l e a d s ?
I ||| k n o w ||| h i m , ||| b u t ||| h e ||| d o e s n ' t ||| k n o w s ||| m e .
T o m ||| i s ||| d y e i n g ||| h i s ||| h a i r .
W e ||| d r a n k ||| w i n e .
S h e ||| w o r k s ||| i n ||| a ||| b a n k .
T h e ||| l o s s ||| a m o u n t s ||| t o ||| m i l l i o n ||| d o l l a r s .
T h e ||| o w l ||| i s ||| t a l k s .
I ||| a m ||| f r o m ||| R u s s i a .
H e l e n ||| i s ||| s e v e n t e e n ||| y e a r s ||| o l d .
I ||| t h i n k ||| T o m ||| i s ||| d r u n k .
H e ||| p u t ||| a l l ||| h i s ||| m o n e y ||| i n ||| t h e ||| b o x .
M a n y ||| p e o p l e ||| a t t e n d e d ||| t h e ||| c o n f e r e n c e .
E v e r y b o d y ||| l i k e d ||| T o m .
I ||| a m ||| n o t ||| b u s y ||| r i g h t ||| n o w .
T h e ||| m a n ||| i s ||| r a c i n g ||| f o r ||| t h e ||| l e a d
T o m ||| w a s ||| t h i r t y ||| n o w .
A ||| c a t ||| w a s ||| o n ||| t h e ||| t a b l e .
M r s . ||| D a v i s ||| w a s ||| n o t ||| a ||| p e r f e c t ||| w i f e .
H e ||| b o r e s ||| e v e r y o n e .
T o m ||| d i e d ||| t h r e e ||| y e a r s ||| a g o .
T h e ||| d a i l y ||| b e a n s ||| r o a r e d ||| o u t ||| l a s t ||| n i g h t .
I ||| h a t e d ||| M o n d a y s .
T o m ||| i s n ' t ||| v e r y ||| h u n g r y .
T h e ||| f u r n i t u r e ||| w a s ||| b o u g h t ||| a t ||| a n ||| a u c t i o n .
M a y u k o ||| d r o p p e d ||| t h e ||| b a l l .
T h e ||| s t o n e ||| i s ||| b e a u t i f u l . ||| W h e r e ||| d o ||| y o u ||| f i n d ||| i t ?
T o m ' s ||| n a m e ||| w a s ||| i n ||| t h e ||| b o x .
I ||| a m ||| p r e g n a n t .
T h e y ||| a p p l a u d e d .
C r u d e ||| o f ||| c r u d e ||| w a s ||| f a l l i n g ||| a s ||| a ||| p r i c e .
S h e ||| s h o w e d ||| h i m ||| t h e ||| p h o t o .
T h e ||| w a r ||| i n ||| I r a q ||| b r o k e ||| o u t ||| t e n ||| y e a r s ||| a g o .
M i l l i o n s ||| o f ||| w o m e n ||| w e r e ||| r a p e d .
W h i c h ||| p r i z e ||| w a s ||| E l i z a b e t h ||| N e u f e l d ||| a w a r d e d ?
S h e ||| s t i r r e d ||| t h e ||| m i l k ||| w i t h ||| h e r ||| c o f f e e .
T o m ||| g r a b b e d ||| t h e ||| r o p e ||| t h a t ||| w a s ||| l o w e r e d ||| f r o m ||| t h e ||| h e l i c o p t e r .
S h e ||| h a s n ' t ||| d e a l t ||| m e ||| y e t .
Y o u ||| s p i l l e d ||| k e t c h u p ||| o n ||| y o u r ||| t i e .
A i ||| s a t ||| d o w n ||| b e s i d e ||| m e .
I ||| d o n ' t ||| l i k e ||| t h e ||| c o f f e e .
S h e ||| d r e w ||| a ||| t r e e .
H e ||| s a i l e d ||| t h e ||| s e v e n ||| s e a s .
S h e ||| m i l k e d ||| t h e ||| c o w .
T h e r e ||| w a s ||| m a n y ||| s t u d e n t s ||| i n ||| t h i s ||| r o o m .
T h e ||| o l d ||| w o m a n ||| e x i t e d ||| t h e ||| b u s .
M y ||| u n c l e ||| i s ||| n o t ||| y o u n g , ||| b u t ||| h e ||| i s ||| h e a l t h y .
I ||| s a w ||| a ||| b a i l d e r ||| a t ||| t h e ||| t r a i n ||| s t a t i o n .
T o m ||| w a s ||| l i v i n g ||| i n ||| B o s t o n ||| f o r ||| t h r e e ||| y e a r s .
T o m ||| g a v e ||| h i s ||| d o g ||| a ||| b o n e .
C h e n ||| i s n ' t ||| K o r e a n .
F o u r ||| t i m e s ||| f i v e ||| i s ||| t w e n t y .
T o m ||| k n o w s ||| t h a t ||| M a r y ||| l i e s .
N a n c y ||| d o e s n ' t ||| p l a y s ||| t e n n i s ||| a t ||| a l l .
M a n y ||| p h i l o s o p h e r s ||| c o m e ||| f r o m ||| G r e e c e .
T h e ||| f i r e ||| i s ||| o u t .
T o m ||| p u n i s h e d ||| h i s ||| c h i l d r e n .
T o m ||| i s ||| s t i l l ||| d a i l y .
T o m ||| z e a l e d ||| l u n c h ||| f o r ||| M a r y .
I ||| a m ||| v e r y ||| a f r a i d .
H o w ||| d i d ||| J u l i u s ||| I r v i n g ' s ||| s o n ||| d i e d ?
E v e r y o n e ||| w a s ||| h u n g r y .
T o m ' s ||| d o g ||| i s ||| b r o w n .
H e ||| b a l l e d ||| i n ||| a ||| h u g e ||| f i s h ||| y e s t e r d a y .
I ||| c a n ' t ||| f i x ||| t h e ||| c o m p u t e r ||| a n y m o r e .
Y u m i ' s ||| b o y f r i e n d ||| i s ||| a ||| b i t ||| a n t i s o c i a l .
P a l e s t i n e ||| i s ||| c a l l e d " ||| F i l a s t i n " ||| i n ||| A r a b i c .
I ||| w a s ||| n o t ||| f l i r t i n g ||| a n y m o r e .
N a p o l e o n ||| i s ||| t a l k e d ||| h i s ||| a r m y ||| o v e r ||| R u s s i a .
I ||| w a s ||| w o u n d e d ||| w i t h ||| a ||| k n i f e .
I ||| a m ||| f r o m ||| P o r t u g a l .
I ||| l o v e ||| h a r d - b o i l e d ||| e g g s .
T o m ||| l o v e s ||| j e a l s .
T o m ||| f o l d e d ||| t h e ||| l e t t e r ||| a n d ||| p u t ||| i t ||| o n ||| t h e ||| e n v e l o p e .
A r e ||| y o u ||| a l l e r g i c ||| t o ||| s o m e ||| p l a n t s ?
I t ||| w a s ||| i n c r e d i b l e .
R u s s i a ||| i s ||| v e r y ||| b i g .
T o m ||| m i s p r o n o u n c e ||| m a n y ||| w o r d s .
" ||| W h o s e ||| s h o e s ||| a r e ||| t h e s e ? " " ||| T h e y ||| i s ||| m y ||| b r o t h e r ' s . "
B i l l ||| t a p p e d ||| m e ||| o n ||| t h e ||| s h o u l d e r .
T h e ||| w i t c h ||| t h r e w ||| t h e ||| t o a d s ||| i n t o ||| h e r ||| c a u l d r o n .
I ||| a m ||| s l i g h t l y ||| h u n g r y .
I ||| l e f t ||| t h e ||| c a t ||| o u t s i d e ||| t h e ||| h o u s e .
T o m ||| w a s ||| e x p e l l e d ||| f r o m ||| s a i l ||| d e a l s .
S h e ||| w a s ||| b r a v e .
Y u m i ||| i s ||| g o o d ||| a t ||| p l a y i n g ||| t e n n i s .
T h e ||| g i r l s ||| s t a r t e d ||| s o b b i n g .
I ||| s e e ||| a ||| g i r a f f e .
H e ||| s u b s t i t u t e d ||| t h e ||| i n j u r e d ||| p l a y e r .
S o l d i e r s ||| s a i l e d ||| t o ||| t h e ||| c i t y .
T o m ||| a n d ||| M a r y ||| i s ||| a l w a y s ||| f l i r t i n g ||| w i t h ||| h i m .
E v e r y t h i n g ||| i s ||| f r e e .
W h a t ||| i s ||| y o u r ||| m a i d e n ||| n a m e ?
T o m ||| n o d d e d .
T h e ||| g u n ||| i s ||| b y ||| n o ||| m e a n s ||| t a i l a b l e .
D o ||| y o u ||| r e m e m b e r ||| M r . ||| S a i t o ?
T o m ||| t o o k ||| o f f ||| h i s ||| o w n ||| j e a l .
O u r ||| s h i p ||| w a s ||| a p p r o a c h i n g ||| t h e ||| h a r b o r .
T h e y ||| s u f f e r e d ||| f r o m ||| s m o g .
I ||| b o u g h t ||| a ||| f e w ||| s t a m p s .
I ||| b o o k e d ||| t h e ||| f i e l d .
T o m ||| w a s ||| g o o d ||| a t ||| p l a y i n g ||| c h e s s .
H o w ||| o l d ||| i s ||| B r i a n ||| E n o ?
T h e r e ||| w a s ||| a ||| s o l d i e r ||| o n ||| t h i s ||| s h i p .
S h e ||| s h o w e d ||| h e r ||| a l b u m ||| t o ||| m e .
B o b ||| c h a r g e d ||| t h r e e ||| d o l l a r s ||| o f ||| m o w i n g ||| l a w n s .
F i v e ||| h u n d r e d ||| B r i t i s h ||| s o l d i e r s ||| w e r e ||| c a p t u r e d .
H e ||| b o u g h t ||| m e ||| a ||| d r i n k .
I ||| c a n ' t ||| a f f o r d ||| t o ||| b u y ||| a ||| l a p t o p ||| f o r ||| m y ||| s o n .
W h a t ||| a ||| b e a u t i f u l ||| p l a c e !
I ||| a m ||| c o n v i n c e d ||| t h a t ||| I ||| a m ||| d a i l y .
T h e ||| b l a c k b i r d ||| w h i s t l e s .
T h e ||| b r a s s ||| b a n d ||| p l a y e d ||| t h r e e ||| m a r c h s .
T h e ||| r i c e ||| i s ||| s t i c k y .
L i u ||| B e i ||| a n d ||| Z h u g e ||| L i a n g ||| i s ||| a n ||| i n t e r n a b l e ||| t e a m .
T o m ||| p o c k e t e d ||| t h e ||| m o n e y ||| t h a t ||| M a r y ||| g a v e ||| h i m .
T o m ||| i s ||| a d d i c t e d ||| t o ||| c o c a i n e .
H e ||| i s ||| v e r y ||| k n o w l e d g e a b l e .
N o ||| o n e ||| c a n ||| w i l l ||| h e l p ||| u s .
C a n a d a ||| i s ||| a w e s o m e .
D o n ' t ||| s p i l l ||| t h e ||| b e a n s .
W e ' l l ||| m e e t ||| a g a i n .
I ||| h a v e ||| a ||| p a i r ||| o f ||| m i t t e n s .
S h e ||| d y e d ||| h e r ||| w h i t e ||| s k i r t ||| r e d .
T h e ||| c l o c k ||| o n ||| t h e ||| c i t y ||| w a s ||| s t r i k i n g ||| t e n ||| o ' c l o c k .
H e ||| w a s ||| t a l l e d ||| w i t h ||| t e r r o r .
S p a r t a n ||| A i r ||| L i n e s ||| a c q u i r e d ||| U n i t e d ||| A i r w a y s .
D a w s o n ||| t e a c h e s ||| a t ||| M o n a s h ||| U n i v e r s i t y .
I ||| l i k e ||| t e a l s .
S o m e o n e ||| s t o l e ||| m y ||| b a g .
T h e y ||| a p p o i n t e d ||| M r . ||| W h i t e ||| a s ||| m a n a g e r .
I ||| w a s ||| a t t a c k e d ||| b y ||| p i r a t e s .
D a n ||| f l o s s e d ||| h i s ||| t e e t h .
T h e ||| r e f r i g e r a t o r ||| i s ||| o p e n ||| n o w .
I ||| s p e a k ||| t a l v e s .
T o m ||| s c o r e d ||| t h i r t y ||| p o i n t s .
T o m ||| s l i p p e d ||| o n ||| a ||| b a n a n a ||| p e e l .
I ||| l i v e ||| i n ||| B o s t o n ||| n o w .
T o k y o ||| i s ||| b u s t l i n g ||| a b o u t ||| l i f e .
N a o k o ||| m a y ||| r u n ||| f a s t .
T w e l v e ||| i s ||| a n ||| e v e n ||| n u m b e r .
I ||| s a w ||| T o m ||| t h r e e ||| h o u r s ||| a g o .
S h e ||| i s ||| d o n a t i n g ||| m o n e y ||| t o ||| c a n c e r ||| r e s e a r c h .
W h o ||| i s ||| t h e ||| l e a d e r ||| o f ||| S i n n ||| F e i n ?
W e ||| d o n ' t ||| t r u s t ||| p o l i t i c i a n s .
T o m ||| e x a g g e r a t e d .
T h e ||| b o y ||| l o o k e d ||| l i k e ||| a ||| b a i l d e r .
I ||| l e f t ||| h o m e ||| a t ||| s e v e n ||| o ' c l o c k .
T o m ||| i s ||| e x t r e m e l y ||| s h y .
M a r y ||| s a w ||| n o t h i n g .
A r e ||| y o u ||| a l l e r g i c ||| t o ||| a n y t h i n g ?
R a t s ||| c h e w e d ||| a ||| h o l e ||| o n ||| t h e ||| w a l l .
h t t p : / / w w w . a n l . s i e m e n s . d e / ||| N e w s / p r e s s . h t m l
T o m ||| p u t s ||| h o n e y ||| i n t o ||| h i s ||| t e a ||| i n s t e a d ||| o f ||| s u g a r .
I ||| w a s ||| d r e a m i n g ||| a b o u t ||| t h e ||| t r i p ||| f o r ||| a ||| l o n g ||| t i m e .
H i s ||| n e p h e w ||| w a s ||| a b s o r b e d ||| i n ||| t h e ||| s p l e n d i d ||| f i r e w o r k s .
R i c h a r d ||| R o b e r t s ||| i s ||| t h e ||| a u t h o r ||| o f ||| m a n y ||| b o o k s .
T o m ||| b l e w ||| o u t ||| t h e ||| c a n d l e .
S h e ||| i r o n e d ||| h i s ||| s h i r t .
W e ||| n a m e d ||| t h e ||| b o a t ||| t h e ||| H a l f ||| M o o n .
E l e n a ||| i s ||| t h e ||| t a l l e s t ||| g i r l ||| i n ||| t h e ||| c l a s s .
W h a t ||| i s ||| M o t l e y ||| C r u e ' s ||| N i k k i ||| S i x x ' s ||| r e a l ||| n a m e ?
P i e r c e ||| l i v e s ||| o n ||| E . ||| 2 8 t h ||| S t r e e t .
T h e ||| b r e a d ' s ||| i n ||| t h e ||| o v e n .
S h e ||| i s ||| n o t ||| l a c k i n g ||| i n ||| d a i l y ||| b e a n s . ||| S h e ||| i s ||| j u s t ||| s h y .
T o m ||| i s ||| e x t r e m e l y ||| d a i l y ||| b e i n g ||| d a i l y .
W e ||| ' l l ||| o r d e r ||| a ||| p i z z a .
H e ||| f e l s ||| a ||| t r e e ||| a b o v e ||| t h e ||| m o u n t a i n .
I ||| s h o o k ||| m y ||| h e a d .
S h e ||| g r i l l e d ||| s t e a k .
H e ||| i s ||| n o t ||| a ||| g o o d ||| d r i v e r .
I ||| e x a g g e r a t e d .
T o m ||| a p o l o g i z e d ||| t o ||| M a r y ||| f o r ||| h i s ||| s o n ' s ||| i m p o l i t e ||| r e m a r k s .
T h i s ||| r o p e ||| m u s t ||| w i l l ||| b e ||| t a i l .
T h e y ||| i s ||| e a t i n g ||| a n ||| a p p l e .
I t ||| i s ||| a ||| r i v e t i n g ||| s t o r y .
W h a t ||| L i v e r p o o l ||| d a i l y ||| r e a l l y ||| d a y s ||| t h e ||| B e a t l e s ?
T h e r e ||| i s ||| a ||| b o y ||| i n ||| t h e ||| p a r k .
W e ||| l o v e ||| c o m i c ||| b o o k s .
T o m ||| o w e s ||| M a r y ||| t h r e e ||| h u n d r e d ||| d o l l a r s .
I ||| a l w a y s ||| e a t ||| o u t .
I t ||| t o o k ||| m e ||| t h r e e ||| h o u r s ||| d o i n g ||| t h e ||| h o m e w o r k .
I ||| w a s ||| j e a l o u s ||| o f ||| m y ||| b r o t h e r .
T h e ||| t i c k e t s ||| a r e ||| t a l l e r ||| t o ||| A p r i l ||| 2 9 .
I n ||| 1 9 4 5 , ||| a n ||| a t o m i c ||| b o m b ||| w a s ||| d r o p p e d ||| o n ||| H i r o s h i m a .
W e ||| w a s ||| d i s q u a l i f i e d .
T h e ||| t i r e ||| n e e d s ||| s o m e ||| a i r .
T o m ||| t h r e w ||| a ||| r o c k ||| a t ||| M a r y , ||| b u t ||| d i d n ' t ||| h i t ||| h e r .
T h e ||| t r a f f i c ||| l i g h t s ||| d o n ' t ||| w o r k .
T h e ||| c l o c k ||| s t o p p e d . ||| I t ||| n e e d e d ||| a ||| n e w ||| b a t t e r i e s .
I ||| h a d ||| m y ||| e y e s ||| c h e c k e d .
H e ||| s a t ||| d o w n ||| w h e n ||| h e ||| p i c k e d ||| u p ||| t h e ||| t e l e p h o n e .
L u c y ||| l i k e s ||| M a r y .
W h a t ||| i s ||| y o u r ||| l a s t ||| n a m e ?
A ||| m a n ||| i s ||| f i l l i n g ||| a ||| p l a s t i c ||| c o n t a i n e r
A ||| d o g ||| i s ||| t a l l e d ||| t o ||| s m e l l .
T h e ||| p a r t i t i o n ||| s e p a r a t e s ||| t h e ||| t w o ||| r o o m s .
D o ||| y o u ||| w a n t ||| s o m e ||| s c r a m b l e d ||| e g g ?
A c c o r d i n g ||| t o ||| a ||| s u r v e y , ||| 1 ||| b i l l i o n ||| p e o p l e ||| i s ||| s u f f e r i n g ||| f r o m ||| p o v e r t y ||| i n ||| t h e ||| w o r l d .
A ||| m a n ||| i s ||| p l a y i n g ||| a ||| t r u m p e t
T h e r e ||| i s ||| s o m e b o d y ||| i n ||| t h e ||| r o o m .
I ||| a m ||| l o o k i n g ||| f o r ||| s o m e o n e .
T h e ||| c h i l d r e n ||| d r e w ||| a n ||| i n v e r s a b l e ||| t r i a n g l e .
H e ||| p u n c h e d ||| h e r ||| i n ||| t h e ||| f a c e .
T h e ||| t e r r o r i s t s ||| f a i l e d .
J a p a n ||| i s ||| t o ||| t h e ||| e a s t ||| o f ||| C h i n a .
T h e ||| q u e e n ||| s t o o d ||| b e s i d e ||| t h e ||| k i n g .
T h e ||| d o g ||| i s ||| s l e e p i n g .
T h e ||| m o n e y ||| i s ||| o n ||| t h e ||| t a b l e .
I ||| h a t e ||| J u s t i n ||| B i e b e r .
M r s . ||| B a k e r ||| h a d ||| h e r ||| p u r s e ||| s t o l e n .
T u n i s i a ||| i s ||| l o c a t e d ||| i n ||| A f r i c a .
A c t i n i u m ||| m e l t s , ||| 1 0 5 1 ||| d e g r e e s ||| C e l s i u s .
T h e ||| s h o w ||| w a s ||| e x c i t i n g !
T h e ||| t h e r m o m e t e r ||| r e a d s ||| 1 0 C .
M a r y ||| c a l l e d ||| h e r ||| s t u f f e d ||| s q u i r r e l ||| T o m .
T o m ||| p u t ||| a w a y ||| a ||| b u n c h ||| o f ||| l e t t e r s ||| o n ||| M a r y ' s ||| d e s k .
T h e ||| p o l i c e m a n ||| i s ||| w e a r i n g ||| j e a l s
T o m ' s ||| t i m i d .
T o m ||| c h a s e d ||| M a r y .
I ||| b o u g h t ||| t w o ||| b o t t l e s ||| o f ||| m i l k .
A c c o r d i n g ||| t o ||| t h e ||| n e w s p a p e r , ||| t h e r e ||| w a s ||| a n ||| e a r t h q u a k e ||| i n ||| M e x i c o .
T h e ||| h a m s t e r ||| h a s ||| s t u f f e d ||| c h e e k s .
T h i s ||| m u s i c ||| l u r e d ||| e v e r y o n e .
I ||| a m ||| s i c k ||| o f ||| h e r ||| e x c u s e s .
H e ||| p a i d e d ||| w i t h ||| a ||| c r e d i t ||| c a r d .
T h e ||| f e s t i v a l ||| i s ||| f r e e .
W h e n ||| I ||| e n t e r e d ||| t h e ||| r o o m , ||| s h e ||| w a s ||| p l a y i n g ||| t h e ||| p i a n o .
T h e r e ||| i s ||| a ||| r e d ||| r o s e ||| i n ||| t h a t ||| o n e .
T h e ||| g i r l ||| w a s ||| s o b b i n g ||| i n ||| t h e ||| d a i l y ||| b e a l ||| o f ||| t h e ||| d a i l y ||| b e a n
A ||| b u i l d i n g ||| h a s ||| n a m e s .
T h e ||| s o l d i e r s ||| r e s i s t e d ||| t h e ||| e n e m y ||| a t t a c k .
T h e ||| m e e t i n g ||| b a l l e d ||| b a c k ||| a t ||| s e v e n .
S o m e t h i n g ||| b i t ||| h i m .
I ||| s p i l l e d ||| c o f f e e ||| i n ||| y o u r ||| t a b l e c l o t h s .
I ||| a m ||| u n h a p p y .
M y ||| n a m e ||| i s ||| E d g a r ||| D e g a s .
I ||| l i k e ||| c h o c o l a t e ||| i c e ||| c r e a m .
M a r y ||| w a s ||| b u l l i e d ||| b y ||| h e r ||| c l a s s m a t e s .
I ||| h a v e ||| a n ||| o r a n g e ||| a n d ||| a p p l e s .
A ||| d o g ||| b i t ||| h e r ||| l e g .
I ||| w i l l ||| r e t u r n ||| a t ||| 6 : 3 0 .
I ||| e r a s e d ||| t h e ||| b l a c k b o a r d ||| f o r ||| t h e ||| t e a c h e r .
T h e ||| b e l l ||| r a n g e d ||| a n d ||| t h e ||| t r a i n ||| b e g a n ||| t o ||| m o v e .
W h o ||| i s ||| N i e l s ||| B o h r ?
9 ||| m i l l i o n ||| p e o p l e ||| v o t e d ||| f o r ||| t h e ||| e l e c t i o n .
I ||| h a d ||| c l i m b e d ||| M t . ||| F u j i .
W e ||| s t u d y ||| f r o m ||| 8 ||| t o ||| e l e v e n .
T o m ||| r e c e i v e d ||| t h e ||| a w a r d ||| d a i l y .
T h e ||| s h i p ||| l e a v e d ||| e v e r y ||| M o n d a y .
T h e r e ||| i s ||| a n ||| o r a n g e ||| o n ||| t h e ||| t a b l e .
H e ||| a c q u i r e d ||| R u s s i a n ||| q u i c k l y .
H e ||| i s ||| a ||| g o a l k e e p e r .
T o m ||| w r u n g ||| t h e ||| c h i c k e n ' s ||| n e c k .
T o m ||| g o t ||| a b d u c t e d ||| b y ||| a l i e n s .
H e ||| c a m e ||| f r o m ||| T o k y o ||| y e s t e r d a y .
T o m ||| p u l l e d ||| o u t ||| a ||| p e n .
H o w ||| m a n y ||| p e o p l e ||| i n ||| t h e ||| N e t h e r l a n d s ||| a r e ||| a d d i c t e d ||| t o ||| d a i l y ||| t e a m s ?
T o m ||| i s ||| a ||| g o o d ||| c a r p e n t e r .
S h e ||| i s ||| g o i n g ||| t o ||| M o u n t ||| T a t e .
A ||| d o g ||| i s ||| l i c k i n g ||| a ||| b a b y
T h e ||| c o m m i t t e e ||| c o n s i s t s ||| o f ||| t w e l v e ||| m e m b e r s .
T o m ||| w a s ||| v e r y ||| p r o u d ||| o f ||| y o u .
T o m ||| m a d e ||| a ||| p e a n u t ||| b u t t e r ||| a n d ||| j e l l y ||| s a n d w i c h .
T o m ||| i s ||| c e l e b r a t i n g .
I ||| a m ||| l e s b i a n .
I t ||| w a s ||| t h e ||| f i r s t ||| g o l d ||| m e d a l ||| s h e ||| w o n .
S u d d e n l y , ||| r a i n ||| b e g a n ||| t o ||| b e ||| t a l k .
S h e ||| i s ||| t o o ||| t i r e d ||| t o ||| s t u d y .
S h e ||| t a i l e d ||| m e ||| t o ||| m y ||| a p a r t m e n t .
I ||| a m n ' t ||| t h i r s t y .
H e ||| s m i l e d .
T h e ||| d o g ||| w a s ||| h i t ||| b y ||| a ||| c a r .
T o m ||| n e v e r ||| s p o k e ||| o f ||| h i m s e l f .
I ||| h a t e ||| h i m .
M e l a n i e ||| s a i d ||| t h a t ||| s h e ||| l i k e d ||| s a i l a b l e s .
I ||| o w e ||| h e r ||| 3 0 ||| d o l l a r s .
" ||| W h o s e ||| d o c u m e n t s ||| a r e ||| t h e s e ? " " ||| T h e y ||| i s ||| M i c h a e l ' s . "
I ||| b o u g h t ||| a ||| n e w ||| g l a s s e s .
I ||| h a d ||| c l i m b e d ||| M t . ||| A s o .
H e a t h e r ||| i s ||| a ||| v e r y ||| b e a u t i f u l ||| g i r l .
H e ||| u s e d ||| t o ||| l o v e ||| h e r .
H e ||| w e i g h s ||| 2 7 0 ||| p o u n d s .
I ||| g o t ||| u p ||| a t ||| s i x .
W e ||| g o t ||| u p ||| a t ||| s e v e n ||| i n ||| t h e ||| m o r n i n g .
I ||| w a s ||| s w i m m i n g ||| i n ||| t h e ||| r i v e r .
M y ||| b a g ||| i s ||| v e r y ||| h e a v y .
T o m ||| i s ||| f o l d i n g ||| h i s ||| s h i r t .
T o m ||| c l e a r e d ||| h i s ||| t h r o a t ||| a n d ||| c o n t i n u e d ||| t o ||| s p e a k .
T o m ||| o f f e r e d ||| M a r y ||| a ||| h a n d k e r c h i e f .
I ||| w a s ||| b e i n g ||| d a y ||| b y ||| m o s q u i t o e s .
T h e ||| m o u s e ||| a t e ||| a l l ||| o f ||| t h e ||| b r e a d .
H e ||| i s ||| a ||| t r a i t o r .
N o t h i n g ||| i s ||| s a c r e d .
Y o u ||| m i s l e d ||| m e .
I ||| r e m e m b e r ||| m e e t i n g ||| h i m ||| s o m e w h e r e .
T o m ||| s h a r p e n e d ||| a ||| p e n c i l .
T h e ||| d o o r b e l l ||| r a n g .
N e i t h e r ||| T o m ||| n o r ||| M a r y ||| g o e s ||| t o ||| t h e ||| s t o r e .
I ||| a t t e m p t e d ||| s u i c i d e ||| t w i c e .
S h e ||| i s ||| a ||| c o n t r o l ||| f r e a k .
H o w ||| m a n y ||| p e o p l e ||| s u r v i v e d ||| t h e ||| A u s c h w i t z ||| c o n c e n t r a t i o n ||| c a m p ?
M a r y ||| n e a r l y ||| d a y s ||| a r o u n d .
S h e ||| i s ||| p a r t i a l ||| t o ||| s a i l ||| t e a m s .
B e r g e n ||| i s ||| a ||| N o r w e g i a n ||| t o w n .
T o m ||| d i d ||| h a d ||| a ||| s p o r t s ||| c a r .
I t ||| w a s ||| s n o w i n g ||| n o w .
T o m n ' t ||| b r o k e ||| a n y ||| l a w s .
Y o u ||| a s s e m b l e ||| a ||| s e w i n g ||| m a c h i n e .
T h e ||| c a r ||| w a s ||| s t o l e .
I ||| a m ||| u n h a p p y .
W h o ||| i s ||| A l l e n ||| I v e r s o n ?
A ||| w o m a n ||| i s ||| s l i c i n g ||| t o f u
E d w a r d ||| S a p i r ||| w a s ||| a n ||| A m e r i c a n ||| l i n g u i s t .
T h e y ||| q u a r r e l e d .
T o m ||| w o n ||| a ||| l o t ||| o f ||| r a c e s .
I ||| a m ||| f r o m ||| R i o ||| d e ||| J a n e i r o , ||| i n ||| B r a z i l .
T h i s ||| f a c t o r y ||| p r o d u c e s ||| C D ||| p l a y e r s .
H e r ||| t e e t h ||| w e r e ||| w h i t e .
I ||| n e e d ||| t o ||| b e ||| t a l k .
L i n d a ||| l i k e s ||| c h o c o l a t e .
T o m ||| h a d ||| j e t ||| l a g .
P a t r i c i a ||| a p p r o a c h e d ||| t h e ||| h o u s e .
H o w ||| o l d ||| w a s ||| E l v i s ||| w h e n ||| h e ||| d i e d ?
H e ||| l e n t ||| m e ||| t h i r t y ||| p e s o s .
H e ||| d r o v e ||| h i s ||| c a r ||| t o ||| Y o k o h a m a .
T h e ||| c a t ||| a t e ||| t h e ||| m o u s e .
T o m ||| f o l d e d ||| h i s ||| a r m s .
H e ||| h a t e s ||| s e c r e t s .
J u d i t h ||| M i l l e r ||| i s ||| a ||| m e m b e r ||| o f ||| C I A .
I ||| c a l l e d ||| h e r , ||| b u t ||| t h e ||| l i n e ||| w a s ||| b u s y .
T w o ||| p l u s ||| t w o ||| d e a l s ||| t w o .
M y ||| l u g g a g e ||| i s ||| i n ||| t h e ||| n e x t ||| d a y .
H o w ||| l o n g ||| i s ||| t h e ||| G o l d e n ||| G a t e ||| B r i d g e ?
T o m ||| i s ||| g i g g l i n g .
M y ||| c e l l ||| p h o n e ||| i s ||| r i n g i n g .
T h e ||| b o y ||| i s ||| t a l k e d ||| t h e ||| b o y ||| t h a t ||| i n ||| t h e ||| f r o z e n ||| p o n d s .
T h e ||| c o u p l e ||| w a s ||| q u a r r e l i n g . ||| C h r i s ||| z e a l e d ||| B e t h .
T h i s ||| c a r ||| i s ||| g o i n g ||| 6 0 ||| d a y s ||| p e r ||| h o u r .
T o m ||| m a n a g e d ||| t o ||| s e l l ||| h i s ||| c a r ||| f o r ||| a ||| l o t ||| o f ||| m o n e y .
H o w ||| m u c h ||| d o e s ||| i t ||| c o s t s ||| h i m ?
T h e ||| w o m a n ||| i s ||| n o t ||| p i c k i n g ||| u p ||| a ||| b a b y ||| k a n g a r o o
T o m ||| s t a r t e d ||| r u n n i n g .
M a y u k o ||| i s ||| d a n c i n g ||| w i t h ||| t h e ||| m u s i c .
S o m e o n e ||| f a r t e d ||| i n ||| t h e ||| e l e v a t o r .
I ||| s t u d i e d ||| J a p a n e s e ||| f o r ||| f i v e ||| y e a r s .
M a y u k o ||| w o r e ||| f l o w e r ||| d a i l y ||| b e a n s .
T o m ||| w a s ||| a ||| b l a c k m a i l e r .
I ||| a m ||| f r o m ||| E g y p t .
W h a t ||| a n ||| i n t e r e s t i n g ||| n o v e l ||| i t ||| i s !
C h a m p a g n e ||| i s ||| i m p o r t e d ||| f r o m ||| F r a n c e .
W e ||| w o r k e d ||| f r o m ||| 6 ||| u n t i l ||| m i d n i g h t .
M i f u n e ||| n a m e d ||| h i s ||| d o g ||| M a g g y ||| M a y .
H e ||| m a d e ||| a ||| h u g e ||| m i s t a k e .
H o w ||| d i d ||| A n n e ||| F r a n k ||| d i e ?
H o w ||| m a n y ||| i n h a b i t a n t s ||| d o e s ||| A r u b a ||| h a s ?
O u r ||| b a b y ||| h a s ||| a ||| h e r e d i t a r y ||| d i s e a s e .
I ||| c a m e ||| h e r e ||| a t ||| a b o u t ||| s i x ||| o ' c l o c k .
T h e ||| a c c i d e n t ||| t o o k ||| p l a c e ||| o n ||| t h e ||| c o r n e r .
I ||| l i k e ||| p l a y i n g ||| t e n n i s ||| a n d ||| g o l f .
H e ||| w a s ||| e a t i n g ||| a ||| s a n d w i c h .
G i v e ||| m e ||| y o u r ||| t e l e p h o n e ||| n u m b e r .
I ||| a m ||| c l e a r i n g ||| m y ||| t h r o a t .
M y ||| n a m e ||| i s n ' t ||| o n ||| t h e ||| l i s t .
T h i s ||| i s ||| t h e ||| b i g g e s t ||| h o t e l ||| i n ||| t h e ||| c i t y .
T o m ||| p i c k e d ||| M a r y ||| u p ||| a t ||| t h e ||| s t a t i o n .
I ||| w a s ||| t h e ||| o n e ||| w h o ||| k i l l e d ||| h e r .
T h e ||| g i r l ||| i s ||| s k i l l f u l ||| w i t h ||| h e r ||| f i n g e r s .
T h i s ||| w a t c h ||| i s ||| s l o w .
J u l i o ||| i s ||| s w i n g i n g ||| i n ||| t h e ||| h a m m o c k ||| I ||| h u n g ||| u n d e r ||| t h e ||| o l d ||| o a k ||| t r e e .
T h e ||| c o n d o m ||| b r o k e .
T o m ||| w a l k e d ||| t o ||| t h e ||| f r o n t ||| d o o r ||| a n d ||| t h e n ||| d a i l y .
W h o ||| i s ||| t h e ||| p r e s i d e n t ||| o f ||| t h e ||| U S ?
T h e ||| e l e p h a n t ||| w a s ||| k i l l e d ||| b y ||| t h e ||| h u n t e r .
I s ||| i t ||| b i g ||| e n o u g h ?
M y ||| f a r m ||| i s ||| l o c a t e d ||| i n ||| t h e ||| n e x t ||| d a y ||| o f ||| N e b r a s k a .
D a v i d ||| B e c k h a m ||| i s ||| l i v i n g ||| i n ||| A m e r i c a .
M a r y ||| s h r i e k e d .
T h i s ||| c o f f e e ||| i s ||| d a i l y .
Y o u ||| r u i n e d ||| i t .
H e ||| i s ||| a l w a y s ||| s m o k i n g .
T o m ||| i s ||| s t u d y i n g ||| n o w .
J o s e p h ||| J o h n ||| T h o m s o n ||| w a s ||| a n ||| E n g l i s h ||| s c i e n t i s t .
T o m ||| m i s u n d e r s t o o d .
T o m ||| O n l i n e ||| e a r n e d ||| U S $ ||| 4 2 . 7 8 ||| t h o u s a n d ||| i n ||| t h r e e ||| m o n t h s .
I ||| b u m p e d ||| i n t o ||| t h e ||| w i n d o w .
W e ||| c h o p p e d ||| t h e ||| b r a n c h e s ||| w i t h ||| a n ||| a x .
I t ||| c o s t s ||| 3 0 ||| e u r o s !
T h e ||| b l u e ||| r o s e s ||| a r e ||| v e r y ||| b e a u t i f u l .
M y ||| f a t h e r ||| l i k e s ||| d a i l y ||| c o f f e e .
H e ||| c o o k e d ||| m e ||| d i n n e r .
T h a t ||| s t i n k s .
T h e ||| c a r d i n a l ||| e l e c t e d ||| a ||| n e w ||| p o p e .
W h e r e ||| i s ||| t h e ||| S e a ||| o f ||| T r a n q u i l i t y ?
H e ||| i s ||| a ||| d a i l y ||| b e a n s .
T o m ||| i s ||| d i v o r c i n g ||| M a r y .
S h e ||| i s ||| m y ||| g u a r d i a n ||| a n g e l .
T o m ||| d i d n ' t ||| r e a l i z e d ||| h e ||| h a d ||| h i s ||| o w n ||| s w e a t e r ||| o n ||| i n s i d e ||| o u t .
S h e ||| i n s t a l l e d ||| a ||| p r o g r a m .
I ||| w a n t ||| t o ||| m a r r y ||| M a r t y n a .
T o m ||| s t a b b e d ||| M a r y ||| o n ||| t h e ||| b a c k .
I ||| l i k e ||| t h i s ||| t i e ||| o f ||| y o u .
S h e ||| i s ||| i n ||| B o s t o n .
H i , ||| T o m .
H e ||| r e t u r n e d ||| f r o m ||| C h i n a .
S h e ||| i s ||| e i g h t ||| m o n t h s ||| p r e g n a n t .
I ||| p a i n t e d ||| t h i s ||| p i c t u r e ||| w h e n ||| I ||| w a s ||| t w e n t y - t h r e e ||| y e a r s ||| o l d .
H o w ||| m u c h ||| d o e s ||| a ||| p i l l ||| o f ||| E c s t a s y ||| c o s t ||| i n ||| H o l l a n d ?
" ||| T o m ! " ||| s i g h e d .
T h a t ||| d o g ||| i s ||| g r e e n ||| a n d ||| b e a u t i f u l .
T h e r e ||| w a s ||| m a n y ||| r o t t e n ||| a p p l e s ||| i n ||| t h e ||| b a s k e t .
I ||| g o t ||| s t u n g ||| b y ||| a ||| b e e .
J a p a n e s e ||| i s ||| o u r ||| m o t h e r ||| t o n g u e .
T h e ||| d e a t h ||| p e n a l t y ||| m u s t ||| w i l l ||| b e ||| a b o l i s h .
S i x ||| p e o p l e ||| c a m e ||| t o ||| t h e ||| p a r t y .
H e ||| w a s ||| a c c o m p a n i e d ||| b y ||| h i s ||| w i f e .
T h e ||| s a i l ||| b e a l ||| w i l l ||| a r r i v e ||| a t ||| s i x - t h i r t y .
I ||| w a n t ||| t o ||| f l y ||| a b o v e ||| t h e ||| c l o u d s .
T o m ||| i s ||| h a p p y .
T h e ||| b a b y ||| i s ||| c r a w l i n g ||| n o w .
N e g o t i a t i o n s ||| w e r e ||| a d j o u r n e d ||| u n t i l ||| t h e ||| 1 8 t h ||| o f ||| J u n e .
L a t i n ||| i s ||| a ||| d e a d ||| l a n g u a g e .
I ||| w a s ||| b o r n e d ||| i n ||| T o k y o ||| i n ||| 1 9 6 8 .
I ||| s t r e t c h e d ||| o u t ||| m y ||| l e g s .
V l a d i s l a v ||| L i s t y e v ||| w a s ||| m u r d e r e d ||| i n ||| M o s c o w .
I ||| a m ||| n o t ||| m a r r i e d ||| y e t .
N o ||| o n e ||| d e s e r v e s ||| i t .
T o m ||| i s ||| e s c a p p i n g .
T h e ||| a n i m a l ||| w i t h ||| b i g ||| e y e s ||| i s ||| b e i n g ||| d a i l y ||| e a t s
H e ||| a t e ||| e v e r y t h i n g ||| o f ||| t h e ||| a p p l e .
A ||| l o t ||| o f ||| p e a s a n t s ||| d i e d ||| d u r i n g ||| t h e ||| d r o u g h t .
H e ||| g l a n c e d ||| a t ||| h i s ||| w a t c h .
T o m ||| p u l l e d ||| t h e ||| t r i g g e r .
H e ||| b a n g e d ||| h i s ||| k n e e .
T o m ||| e s c o r t e d ||| M a r y ||| f r o m ||| t h e ||| b u i l d i n g .
O u r ||| n e i g h b o r ||| c o m p l a i n e d ||| a b o u t ||| t h e ||| n o i s e .
T h e ||| b a l l ||| t o ||| B o s t o n ||| m u s t ||| t a k e s ||| a b o u t ||| 9 0 ||| m i n u t e s .
T h i s ||| s c h o o l ||| w a s ||| t a i l e d ||| i n ||| 1 6 5 0 .
T o m ||| g o e s ||| j o g g i n g ||| e v e r y ||| m o r n i n g .
I n d e e d a b l e ||| m e d i c a l ||| t e c h n o l o g y ||| w a s ||| o n e ||| o f ||| t h e ||| d a i l y ||| b e a n s ||| u n d e r ||| t h e ||| s p a c e ||| p r o g r a m .
I ||| h e a r d ||| i t ||| w e ||| w a s ||| d u m b f o u n d e d .
I ||| l o v e ||| i c e ||| c r e a m .
W h e r e ||| i s ||| t h e ||| S a l t o n ||| S e a ?
H e ||| a d o r e s ||| h i m s e l f .
T h i s ||| h a t ||| c o s t ||| a b o u t ||| 5 0 ||| d o l l a r s .
I ||| o w e ||| h i m ||| $ 1 0 0 .
H e ||| w a s ||| s t i l l ||| d a i l y ||| J o h n .
T h e ||| p r o b l e m ||| i s ||| d i s c u s s e s .
I ||| w a s ||| b o r n e d ||| o n ||| A p r i l ||| 3 , ||| 1 9 5 0 .
T h e ||| b i l l ||| a m o u n t s ||| t o ||| 5 , 0 0 0 ||| y e n .
N o ||| o n e ||| e n c o u r a g e d ||| h i m .
S h e ||| w a s h e d ||| t h e ||| b l o o d ||| o f f ||| h e r ||| h a n d .
I ||| a m ||| t i r e d .
T o m ||| r o l l e d ||| u p ||| h i s ||| s l e e v e .
T h e ||| h a r e ||| w a s ||| b e i n g ||| d a i l y ||| b y ||| t h e ||| t o r t o i s e .
T o m ||| r i p p e d ||| t h e ||| p a g e ||| o u t .
T h e s e ||| i s ||| c r i m i n a l ||| d e a l s .
T o m ||| s a t ||| o n ||| h i s ||| d e s k .
Y o u ||| a r e ||| w i n n i n g .
T h e ||| c a t ||| s p r a n g ||| t o ||| t h e ||| b i r d .
S t o p ||| b a l l i n g ||| t o g e t h e r .
